#
# There is insufficient memory for the Java Runtime Environment to continue.
# Native memory allocation (malloc) failed to allocate 535264 bytes for Chunk::new
# Possible reasons:
#   The system is out of physical RAM or swap space
#   The process is running with CompressedOops enabled, and the Java Heap may be blocking the growth of the native heap
# Possible solutions:
#   Reduce memory load on the system
#   Increase physical memory or swap space
#   Check if swap backing store is full
#   Decrease Java heap size (-Xmx/-Xms)
#   Decrease number of Java threads
#   Decrease Java thread stack sizes (-Xss)
#   Set larger code cache with -XX:ReservedCodeCacheSize=
#   JVM is running with Unscaled Compressed Oops mode in which the Java heap is
#     placed in the first 4GB address space. The Java Heap base address is the
#     maximum limit for the native heap growth. Please use -XX:HeapBaseMinAddress
#     to set the Java Heap base and to place the Java Heap above 4GB virtual address.
# This output file may be truncated or incomplete.
#
#  Out of Memory Error (allocation.cpp:389), pid=7612, tid=0x000000000000062c
#
# JRE version: OpenJDK Runtime Environment (8.0_242-b01) (build 1.8.0_242-release-1644-b01)
# Java VM: OpenJDK 64-Bit Server VM (25.242-b01 mixed mode windows-amd64 compressed oops)
# Failed to write core dump. Minidumps are not enabled by default on client versions of Windows
#

---------------  T H R E A D  ---------------

Current thread (0x000000001702c800):  JavaThread "C2 CompilerThread1" daemon [_thread_in_native, id=1580, stack(0x0000000018b40000,0x0000000018c40000)]

Stack: [0x0000000018b40000,0x0000000018c40000]
[error occurred during error reporting (printing stack bounds), id 0xc0000005]

Native frames: (J=compiled Java code, j=interpreted, Vv=VM code, C=native code)


Current CompileTask:
C2:  29236 2035   !   4       java.net.URL::<init> (543 bytes)


---------------  P R O C E S S  ---------------

Java Threads: ( => current thread )
  0x0000000018742800 JavaThread "Cache worker for execution history cache (C:\Users\ADMIN\.gradle\caches\6.5\executionHistory)" [_thread_blocked, id=12220, stack(0x0000000020ae0000,0x0000000020be0000)]
  0x0000000018749000 JavaThread "Cache worker for cache directory md-rule (C:\Users\ADMIN\.gradle\caches\6.5\md-rule)" [_thread_blocked, id=8840, stack(0x00000000209e0000,0x0000000020ae0000)]
  0x0000000018743000 JavaThread "Cache worker for cache directory md-supplier (C:\Users\ADMIN\.gradle\caches\6.5\md-supplier)" [_thread_blocked, id=7532, stack(0x00000000208e0000,0x00000000209e0000)]
  0x0000000018746000 JavaThread "Cache worker for checksums cache (C:\Users\ADMIN\AndroidStudioProjects\SpaceFlightNews\.gradle\checksums)" [_thread_blocked, id=8912, stack(0x000000001f610000,0x000000001f710000)]
  0x0000000018744800 JavaThread "Cache worker for file hash cache (C:\Users\ADMIN\AndroidStudioProjects\SpaceFlightNews\.gradle\6.5\fileHashes)" [_thread_blocked, id=9264, stack(0x000000001f310000,0x000000001f410000)]
  0x0000000018748800 JavaThread "Cache worker for file hash cache (C:\Users\ADMIN\.gradle\caches\6.5\fileHashes)" [_thread_blocked, id=3692, stack(0x000000001ee10000,0x000000001ef10000)]
  0x0000000018744000 JavaThread "File lock request listener" [_thread_in_native, id=1288, stack(0x00000000207e0000,0x00000000208e0000)]
  0x0000000018747800 JavaThread "Cache worker for journal cache (C:\Users\ADMIN\.gradle\caches\journal-1)" [_thread_blocked, id=1488, stack(0x00000000206e0000,0x00000000207e0000)]
  0x000000001992d800 JavaThread "Thread-9" [_thread_blocked, id=2456, stack(0x000000001ca70000,0x000000001cb70000)]
  0x0000000019445000 JavaThread "Stdin handler" [_thread_blocked, id=1680, stack(0x000000001c970000,0x000000001ca70000)]
  0x0000000019c38000 JavaThread "Asynchronous log dispatcher for DefaultDaemonConnection: socket connection from /127.0.0.1:51256 to /127.0.0.1:51257" [_thread_blocked, id=11856, stack(0x000000001c870000,0x000000001c970000)]
  0x00000000188a1000 JavaThread "Daemon worker" [_thread_in_native, id=1492, stack(0x000000001c770000,0x000000001c870000)]
  0x00000000195ef800 JavaThread "Cancel handler" [_thread_blocked, id=3860, stack(0x000000001c670000,0x000000001c770000)]
  0x000000001a0ea800 JavaThread "Handler for socket connection from /127.0.0.1:51256 to /127.0.0.1:51257" [_thread_in_native, id=528, stack(0x000000001c570000,0x000000001c670000)]
  0x000000001a0e9800 JavaThread "Daemon" [_thread_blocked, id=4224, stack(0x000000001c470000,0x000000001c570000)]
  0x000000001a0e3000 JavaThread "Daemon periodic checks" [_thread_blocked, id=1884, stack(0x000000001c170000,0x000000001c270000)]
  0x00000000197c2800 JavaThread "Incoming local TCP Connector on port 51256" [_thread_in_native, id=6476, stack(0x000000001bf20000,0x000000001c020000)]
  0x000000001a707000 JavaThread "Daemon health stats" [_thread_blocked, id=9852, stack(0x000000001b8e0000,0x000000001b9e0000)]
  0x0000000018750000 JavaThread "Service Thread" daemon [_thread_blocked, id=1924, stack(0x0000000018d40000,0x0000000018e40000)]
  0x0000000018745800 JavaThread "C1 CompilerThread2" daemon [_thread_blocked, id=10884, stack(0x0000000018c40000,0x0000000018d40000)]
=>0x000000001702c800 JavaThread "C2 CompilerThread1" daemon [_thread_in_native, id=1580, stack(0x0000000018b40000,0x0000000018c40000)]
  0x0000000016fd8000 JavaThread "C2 CompilerThread0" daemon [_thread_in_native, id=8184, stack(0x0000000018640000,0x0000000018740000)]
  0x0000000016fd5800 JavaThread "Attach Listener" daemon [_thread_blocked, id=11316, stack(0x0000000018540000,0x0000000018640000)]
  0x0000000016fd4000 JavaThread "Signal Dispatcher" daemon [_thread_blocked, id=6128, stack(0x0000000018440000,0x0000000018540000)]
  0x00000000023ab000 JavaThread "Finalizer" daemon [_thread_blocked, id=10984, stack(0x0000000018230000,0x0000000018330000)]
  0x0000000016fb9000 JavaThread "Reference Handler" daemon [_thread_blocked, id=5380, stack(0x0000000018130000,0x0000000018230000)]
  0x00000000020ae800 JavaThread "main" [_thread_blocked, id=10168, stack(0x00000000021b0000,0x00000000022b0000)]

Other Threads:
  0x0000000016f97000 VMThread [stack: 0x0000000018030000,0x0000000018130000] [id=8056]
  0x0000000018750800 WatcherThread [stack: 0x0000000018e40000,0x0000000018f40000] [id=10192]

VM state:not at safepoint (normal execution)

VM Mutex/Monitor currently owned by a thread: None

heap address: 0x0000000080000000, size: 2048 MB, Compressed Oops mode: 32-bit
Narrow klass base: 0x0000000000000000, Narrow klass shift: 3
Compressed class space size: 1073741824 Address: 0x0000000100000000

Heap:
 PSYoungGen      total 38400K, used 7558K [0x00000000d5580000, 0x00000000d9500000, 0x0000000100000000)
  eden space 27648K, 18% used [0x00000000d5580000,0x00000000d5a926b0,0x00000000d7080000)
  from space 10752K, 21% used [0x00000000d7080000,0x00000000d72cf258,0x00000000d7b00000)
  to   space 11264K, 0% used [0x00000000d8a00000,0x00000000d8a00000,0x00000000d9500000)
 ParOldGen       total 63488K, used 11198K [0x0000000080000000, 0x0000000083e00000, 0x00000000d5580000)
  object space 63488K, 17% used [0x0000000080000000,0x0000000080aef8f8,0x0000000083e00000)
 Metaspace       used 22769K, capacity 23588K, committed 23680K, reserved 1069056K
  class space    used 3227K, capacity 3440K, committed 3456K, reserved 1048576K

Card table byte_map: [0x0000000011770000,0x0000000011b80000] byte_map_base: 0x0000000011370000

Marking Bits: (ParMarkBitMap*) 0x000000006d24f030
 Begin Bits: [0x0000000012230000, 0x0000000014230000)
 End Bits:   [0x0000000014230000, 0x0000000016230000)

Polling page: 0x0000000000760000

CodeCache: size=245760Kb used=6375Kb max_used=6375Kb free=239384Kb
 bounds [0x00000000023b0000, 0x00000000029f0000, 0x00000000113b0000]
 total_blobs=2277 nmethods=1850 adapters=340
 compilation: enabled

Compilation events (10 events):
Event: 28.790 Thread 0x0000000018745800 2034       3       com.google.common.io.BaseEncoding$Alphabet::encode (7 bytes)
Event: 28.790 Thread 0x0000000018745800 nmethod 2034 0x00000000029ebdd0 code [0x00000000029ebf20, 0x00000000029ec0b0]
Event: 28.813 Thread 0x000000001702c800 2035   !   4       java.net.URL::<init> (543 bytes)
Event: 28.932 Thread 0x0000000018745800 2036       3       org.gradle.internal.logging.slf4j.OutputEventListenerBackedLogger::isLevelAtMost (20 bytes)
Event: 28.934 Thread 0x0000000018745800 nmethod 2036 0x00000000029ec190 code [0x00000000029ec320, 0x00000000029ec788]
Event: 28.945 Thread 0x0000000018745800 2037       3       java.util.concurrent.ConcurrentHashMap$Traverser::advance (188 bytes)
Event: 28.947 Thread 0x0000000018745800 nmethod 2037 0x00000000029ec910 code [0x00000000029ecb00, 0x00000000029ed778]
Event: 28.947 Thread 0x0000000018745800 2038       3       java.util.concurrent.ConcurrentHashMap$BaseIterator::hasNext (13 bytes)
Event: 28.948 Thread 0x0000000018745800 nmethod 2038 0x00000000029edb10 code [0x00000000029edc60, 0x00000000029ede10]
Event: 29.038 Thread 0x0000000016fd8000 2039       4       java.net.URLClassLoader$1::run (5 bytes)

GC Heap History (10 events):
Event: 17.218 GC heap before
{Heap before GC invocations=4 (full 0):
 PSYoungGen      total 38400K, used 38384K [0x00000000d5580000, 0x00000000d8000000, 0x0000000100000000)
  eden space 33280K, 100% used [0x00000000d5580000,0x00000000d7600000,0x00000000d7600000)
  from space 5120K, 99% used [0x00000000d7600000,0x00000000d7afc010,0x00000000d7b00000)
  to   space 5120K, 0% used [0x00000000d7b00000,0x00000000d7b00000,0x00000000d8000000)
 ParOldGen       total 87552K, used 1056K [0x0000000080000000, 0x0000000085580000, 0x00000000d5580000)
  object space 87552K, 1% used [0x0000000080000000,0x0000000080108298,0x0000000085580000)
 Metaspace       used 15334K, capacity 15842K, committed 16128K, reserved 1062912K
  class space    used 2018K, capacity 2189K, committed 2304K, reserved 1048576K
Event: 17.331 GC heap after
Heap after GC invocations=4 (full 0):
 PSYoungGen      total 38400K, used 5088K [0x00000000d5580000, 0x00000000d8000000, 0x0000000100000000)
  eden space 33280K, 0% used [0x00000000d5580000,0x00000000d5580000,0x00000000d7600000)
  from space 5120K, 99% used [0x00000000d7b00000,0x00000000d7ff8040,0x00000000d8000000)
  to   space 5120K, 0% used [0x00000000d7600000,0x00000000d7600000,0x00000000d7b00000)
 ParOldGen       total 87552K, used 3336K [0x0000000080000000, 0x0000000085580000, 0x00000000d5580000)
  object space 87552K, 3% used [0x0000000080000000,0x0000000080342300,0x0000000085580000)
 Metaspace       used 15334K, capacity 15842K, committed 16128K, reserved 1062912K
  class space    used 2018K, capacity 2189K, committed 2304K, reserved 1048576K
}
Event: 20.218 GC heap before
{Heap before GC invocations=5 (full 0):
 PSYoungGen      total 38400K, used 38368K [0x00000000d5580000, 0x00000000d8000000, 0x0000000100000000)
  eden space 33280K, 100% used [0x00000000d5580000,0x00000000d7600000,0x00000000d7600000)
  from space 5120K, 99% used [0x00000000d7b00000,0x00000000d7ff8040,0x00000000d8000000)
  to   space 5120K, 0% used [0x00000000d7600000,0x00000000d7600000,0x00000000d7b00000)
 ParOldGen       total 87552K, used 3336K [0x0000000080000000, 0x0000000085580000, 0x00000000d5580000)
  object space 87552K, 3% used [0x0000000080000000,0x0000000080342300,0x0000000085580000)
 Metaspace       used 17834K, capacity 18448K, committed 18560K, reserved 1064960K
  class space    used 2438K, capacity 2632K, committed 2688K, reserved 1048576K
Event: 20.255 GC heap after
Heap after GC invocations=5 (full 0):
 PSYoungGen      total 38400K, used 5104K [0x00000000d5580000, 0x00000000d8000000, 0x0000000100000000)
  eden space 33280K, 0% used [0x00000000d5580000,0x00000000d5580000,0x00000000d7600000)
  from space 5120K, 99% used [0x00000000d7600000,0x00000000d7afc050,0x00000000d7b00000)
  to   space 5120K, 0% used [0x00000000d7b00000,0x00000000d7b00000,0x00000000d8000000)
 ParOldGen       total 87552K, used 6433K [0x0000000080000000, 0x0000000085580000, 0x00000000d5580000)
  object space 87552K, 7% used [0x0000000080000000,0x00000000806484f8,0x0000000085580000)
 Metaspace       used 17834K, capacity 18448K, committed 18560K, reserved 1064960K
  class space    used 2438K, capacity 2632K, committed 2688K, reserved 1048576K
}
Event: 25.518 GC heap before
{Heap before GC invocations=6 (full 0):
 PSYoungGen      total 38400K, used 37391K [0x00000000d5580000, 0x00000000d8000000, 0x0000000100000000)
  eden space 33280K, 97% used [0x00000000d5580000,0x00000000d7507db8,0x00000000d7600000)
  from space 5120K, 99% used [0x00000000d7600000,0x00000000d7afc050,0x00000000d7b00000)
  to   space 5120K, 0% used [0x00000000d7b00000,0x00000000d7b00000,0x00000000d8000000)
 ParOldGen       total 87552K, used 6433K [0x0000000080000000, 0x0000000085580000, 0x00000000d5580000)
  object space 87552K, 7% used [0x0000000080000000,0x00000000806484f8,0x0000000085580000)
 Metaspace       used 20574K, capacity 21204K, committed 21248K, reserved 1067008K
  class space    used 2869K, capacity 3048K, committed 3072K, reserved 1048576K
Event: 25.542 GC heap after
Heap after GC invocations=6 (full 0):
 PSYoungGen      total 32768K, used 5092K [0x00000000d5580000, 0x00000000d8a80000, 0x0000000100000000)
  eden space 27648K, 0% used [0x00000000d5580000,0x00000000d5580000,0x00000000d7080000)
  from space 5120K, 99% used [0x00000000d7b00000,0x00000000d7ff9070,0x00000000d8000000)
  to   space 10752K, 0% used [0x00000000d7080000,0x00000000d7080000,0x00000000d7b00000)
 ParOldGen       total 87552K, used 9770K [0x0000000080000000, 0x0000000085580000, 0x00000000d5580000)
  object space 87552K, 11% used [0x0000000080000000,0x000000008098ab60,0x0000000085580000)
 Metaspace       used 20574K, capacity 21204K, committed 21248K, reserved 1067008K
  class space    used 2869K, capacity 3048K, committed 3072K, reserved 1048576K
}
Event: 25.542 GC heap before
{Heap before GC invocations=7 (full 1):
 PSYoungGen      total 32768K, used 5092K [0x00000000d5580000, 0x00000000d8a80000, 0x0000000100000000)
  eden space 27648K, 0% used [0x00000000d5580000,0x00000000d5580000,0x00000000d7080000)
  from space 5120K, 99% used [0x00000000d7b00000,0x00000000d7ff9070,0x00000000d8000000)
  to   space 10752K, 0% used [0x00000000d7080000,0x00000000d7080000,0x00000000d7b00000)
 ParOldGen       total 87552K, used 9770K [0x0000000080000000, 0x0000000085580000, 0x00000000d5580000)
  object space 87552K, 11% used [0x0000000080000000,0x000000008098ab60,0x0000000085580000)
 Metaspace       used 20574K, capacity 21204K, committed 21248K, reserved 1067008K
  class space    used 2869K, capacity 3048K, committed 3072K, reserved 1048576K
Event: 25.727 GC heap after
Heap after GC invocations=7 (full 1):
 PSYoungGen      total 32768K, used 0K [0x00000000d5580000, 0x00000000d8a80000, 0x0000000100000000)
  eden space 27648K, 0% used [0x00000000d5580000,0x00000000d5580000,0x00000000d7080000)
  from space 5120K, 0% used [0x00000000d7b00000,0x00000000d7b00000,0x00000000d8000000)
  to   space 10752K, 0% used [0x00000000d7080000,0x00000000d7080000,0x00000000d7b00000)
 ParOldGen       total 63488K, used 11190K [0x0000000080000000, 0x0000000083e00000, 0x00000000d5580000)
  object space 63488K, 17% used [0x0000000080000000,0x0000000080aed8f8,0x0000000083e00000)
 Metaspace       used 20574K, capacity 21204K, committed 21248K, reserved 1067008K
  class space    used 2869K, capacity 3048K, committed 3072K, reserved 1048576K
}
Event: 28.562 GC heap before
{Heap before GC invocations=8 (full 1):
 PSYoungGen      total 32768K, used 27648K [0x00000000d5580000, 0x00000000d8a80000, 0x0000000100000000)
  eden space 27648K, 100% used [0x00000000d5580000,0x00000000d7080000,0x00000000d7080000)
  from space 5120K, 0% used [0x00000000d7b00000,0x00000000d7b00000,0x00000000d8000000)
  to   space 10752K, 0% used [0x00000000d7080000,0x00000000d7080000,0x00000000d7b00000)
 ParOldGen       total 63488K, used 11190K [0x0000000080000000, 0x0000000083e00000, 0x00000000d5580000)
  object space 63488K, 17% used [0x0000000080000000,0x0000000080aed8f8,0x0000000083e00000)
 Metaspace       used 22286K, capacity 23034K, committed 23168K, reserved 1069056K
  class space    used 3145K, capacity 3341K, committed 3456K, reserved 1048576K
Event: 28.568 GC heap after
Heap after GC invocations=8 (full 1):
 PSYoungGen      total 38400K, used 2364K [0x00000000d5580000, 0x00000000d9500000, 0x0000000100000000)
  eden space 27648K, 0% used [0x00000000d5580000,0x00000000d5580000,0x00000000d7080000)
  from space 10752K, 21% used [0x00000000d7080000,0x00000000d72cf258,0x00000000d7b00000)
  to   space 11264K, 0% used [0x00000000d8a00000,0x00000000d8a00000,0x00000000d9500000)
 ParOldGen       total 63488K, used 11198K [0x0000000080000000, 0x0000000083e00000, 0x00000000d5580000)
  object space 63488K, 17% used [0x0000000080000000,0x0000000080aef8f8,0x0000000083e00000)
 Metaspace       used 22286K, capacity 23034K, committed 23168K, reserved 1069056K
  class space    used 3145K, capacity 3341K, committed 3456K, reserved 1048576K
}

Deoptimization events (10 events):
Event: 18.636 Thread 0x00000000188a1000 Uncommon trap: reason=unstable_if action=reinterpret pc=0x000000000263c4d0 method=java.util.HashMap.getNode(ILjava/lang/Object;)Ljava/util/HashMap$Node; @ 129
Event: 18.636 Thread 0x00000000188a1000 Uncommon trap: reason=bimorphic action=maybe_recompile pc=0x0000000002882d2c method=java.util.HashMap.putVal(ILjava/lang/Object;Ljava/lang/Object;ZZ)Ljava/lang/Object; @ 203
Event: 18.637 Thread 0x00000000188a1000 Uncommon trap: reason=bimorphic action=maybe_recompile pc=0x0000000002885b84 method=java.util.HashMap.putVal(ILjava/lang/Object;Ljava/lang/Object;ZZ)Ljava/lang/Object; @ 203
Event: 20.159 Thread 0x00000000188a1000 Uncommon trap: reason=unstable_if action=reinterpret pc=0x00000000028b114c method=java.util.jar.Attributes$Name.isDigit(C)Z @ 3
Event: 22.848 Thread 0x00000000188a1000 Uncommon trap: reason=unstable_if action=reinterpret pc=0x0000000002775dc8 method=java.net.URI.match(CJJ)Z @ 19
Event: 22.848 Thread 0x00000000188a1000 Uncommon trap: reason=unstable_if action=reinterpret pc=0x0000000002588988 method=java.net.URI.match(CJJ)Z @ 19
Event: 22.848 Thread 0x00000000188a1000 Uncommon trap: reason=unstable_if action=reinterpret pc=0x0000000002681440 method=java.net.URI.match(CJJ)Z @ 19
Event: 25.958 Thread 0x00000000188a1000 Uncommon trap: reason=unstable_if action=reinterpret pc=0x000000000291dea0 method=java.util.HashMap.hash(Ljava/lang/Object;)I @ 1
Event: 26.182 Thread 0x00000000188a1000 Uncommon trap: reason=unstable_if action=reinterpret pc=0x00000000026b37fc method=jdk.internal.org.objectweb.asm.Type.getArgumentsAndReturnSizes(Ljava/lang/String;)I @ 88
Event: 27.330 Thread 0x00000000188a1000 Uncommon trap: reason=unstable_if action=reinterpret pc=0x00000000026dc28c method=java.io.WinNTFileSystem.resolve(Ljava/lang/String;Ljava/lang/String;)Ljava/lang/String; @ 49

Classes redefined (0 events):
No events

Internal exceptions (10 events):
Event: 11.995 Thread 0x000000001a0ea800 Exception <a 'java/lang/NoSuchMethodError': <clinit>> (0x00000000d7521000) thrown at [C:\src\AOSP-openjdk-git\hotspot\src\share\vm\prims\jni.cpp, line 1615]
Event: 17.727 Thread 0x00000000188a1000 Exception <a 'java/lang/NoSuchMethodError': java.lang.Object.lambda$and$0(Ljava/util/function/Predicate;Ljava/lang/Object;)Z> (0x00000000d57fc148) thrown at [C:\src\AOSP-openjdk-git\hotspot\src\share\vm\interpreter\linkResolver.cpp, line 620]
Event: 17.822 Thread 0x00000000188a1000 Exception <a 'java/lang/IncompatibleClassChangeError': Found class java.lang.Object, but interface was expected> (0x00000000d580c440) thrown at [C:\src\AOSP-openjdk-git\hotspot\src\share\vm\interpreter\linkResolver.cpp, line 653]
Event: 17.879 Thread 0x00000000188a1000 Exception <a 'java/lang/NoSuchMethodError': java.lang.Object.lambda$or$2(Ljava/util/function/Predicate;Ljava/lang/Object;)Z> (0x00000000d5810f90) thrown at [C:\src\AOSP-openjdk-git\hotspot\src\share\vm\interpreter\linkResolver.cpp, line 620]
Event: 18.808 Thread 0x00000000188a1000 Exception <a 'java/lang/NoSuchMethodError': java.lang.Object.lambda$static$0(Lorg/gradle/internal/state/ModelObject;)Ljava/lang/String;> (0x00000000d6fc9fe8) thrown at [C:\src\AOSP-openjdk-git\hotspot\src\share\vm\interpreter\linkResolver.cpp, line 620]
Event: 23.898 Thread 0x00000000188a1000 Exception <a 'java/lang/NoSuchMethodError': java.lang.Object.lambda$static$1(Lorg/gradle/internal/snapshot/SnapshotHierarchy$DiffCapturingUpdateFunction;)Lorg/gradle/internal/snapshot/AtomicSnapshotHierarchyReference$UpdateFunction;> (0x00000000d66bd7c0) 
Event: 25.958 Thread 0x00000000188a1000 Implicit null exception at 0x000000000291dc95 to 0x000000000291de91
Event: 26.178 Thread 0x00000000188a1000 Exception <a 'java/lang/NoSuchMethodError': java.lang.Object.lambda$comparing$77a9974f$1(Ljava/util/function/Function;Ljava/lang/Object;Ljava/lang/Object;)I> (0x00000000d5bee800) thrown at [C:\src\AOSP-openjdk-git\hotspot\src\share\vm\interpreter\linkReso
Event: 26.518 Thread 0x00000000188a1000 Exception <a 'java/lang/NoSuchMethodError': java.lang.Object.lambda$withReadOnlyCache$0(Ljava/util/function/BiFunction;Lorg/gradle/api/internal/artifacts/ivyservice/ArtifactCacheMetadata;)Ljava/lang/Object;> (0x00000000d5e10098) thrown at [C:\src\AOSP-ope
Event: 26.650 Thread 0x00000000188a1000 Exception <a 'java/lang/NoSuchMethodError': java.lang.Object.lambda$static$0(Lorg/gradle/api/internal/artifacts/ivyservice/ivyresolve/ModuleComponentRepository;Ljava/lang/String;Lorg/gradle/api/internal/artifacts/configurations/ResolutionStrategyInternal;

Events (10 events):
Event: 29.055 loading class org/gradle/api/internal/AbstractPolymorphicDomainObjectContainer done
Event: 29.055 loading class org/gradle/api/internal/PolymorphicDomainObjectContainerInternal
Event: 29.055 loading class org/gradle/api/internal/PolymorphicDomainObjectContainerInternal done
Event: 29.056 loading class org/gradle/api/internal/AbstractNamedDomainObjectContainer
Event: 29.056 loading class org/gradle/api/internal/AbstractNamedDomainObjectContainer done
Event: 29.058 loading class org/gradle/api/reflect/HasPublicType
Event: 29.058 loading class org/gradle/api/reflect/HasPublicType done
Event: 29.060 loading class org/gradle/internal/scripts/ScriptOrigin
Event: 29.060 loading class org/gradle/internal/scripts/ScriptOrigin done
Event: 29.159 loading class java/util/Spliterators


Dynamic libraries:
0x00007ff6ed980000 - 0x00007ff6ed9b1000 	G:\Program Files\Android\Android Studio\jre\bin\java.exe
0x00007ffa43f10000 - 0x00007ffa44106000 	C:\WINDOWS\SYSTEM32\ntdll.dll
0x00007ffa427e0000 - 0x00007ffa4289d000 	C:\WINDOWS\System32\KERNEL32.DLL
0x00007ffa41970000 - 0x00007ffa41c39000 	C:\WINDOWS\System32\KERNELBASE.dll
0x00007ffa42530000 - 0x00007ffa425dc000 	C:\WINDOWS\System32\ADVAPI32.dll
0x00007ffa429a0000 - 0x00007ffa42a3e000 	C:\WINDOWS\System32\msvcrt.dll
0x00007ffa428a0000 - 0x00007ffa4293c000 	C:\WINDOWS\System32\sechost.dll
0x00007ffa43da0000 - 0x00007ffa43ecb000 	C:\WINDOWS\System32\RPCRT4.dll
0x00007ffa431f0000 - 0x00007ffa43390000 	C:\WINDOWS\System32\USER32.dll
0x00007ffa41940000 - 0x00007ffa41962000 	C:\WINDOWS\System32\win32u.dll
0x00007ffa43390000 - 0x00007ffa433ba000 	C:\WINDOWS\System32\GDI32.dll
0x00007ffa41730000 - 0x00007ffa41839000 	C:\WINDOWS\System32\gdi32full.dll
0x00007ffa41c40000 - 0x00007ffa41cdd000 	C:\WINDOWS\System32\msvcp_win.dll
0x00007ffa41840000 - 0x00007ffa41940000 	C:\WINDOWS\System32\ucrtbase.dll
0x00007ffa316b0000 - 0x00007ffa3194b000 	C:\WINDOWS\WinSxS\amd64_microsoft.windows.common-controls_6595b64144ccf1df_6.0.19041.488_none_ca04af081b815d21\COMCTL32.dll
0x00007ffa420a0000 - 0x00007ffa420d0000 	C:\WINDOWS\System32\IMM32.DLL
0x000000006da80000 - 0x000000006db52000 	G:\Program Files\Android\Android Studio\jre\jre\bin\msvcr100.dll
0x000000006ca80000 - 0x000000006d2cb000 	G:\Program Files\Android\Android Studio\jre\jre\bin\server\jvm.dll
0x00007ffa420d0000 - 0x00007ffa420d8000 	C:\WINDOWS\System32\PSAPI.DLL
0x00007ffa31e40000 - 0x00007ffa31e49000 	C:\WINDOWS\SYSTEM32\WSOCK32.dll
0x00007ffa39c50000 - 0x00007ffa39c77000 	C:\WINDOWS\SYSTEM32\WINMM.dll
0x00007ffa36040000 - 0x00007ffa3604a000 	C:\WINDOWS\SYSTEM32\VERSION.dll
0x00007ffa42bf0000 - 0x00007ffa42c5b000 	C:\WINDOWS\System32\WS2_32.dll
0x00007ffa331f0000 - 0x00007ffa331ff000 	G:\Program Files\Android\Android Studio\jre\jre\bin\verify.dll
0x00007ffa2f8d0000 - 0x00007ffa2f8f9000 	G:\Program Files\Android\Android Studio\jre\jre\bin\java.dll
0x00007ffa2f860000 - 0x00007ffa2f876000 	G:\Program Files\Android\Android Studio\jre\jre\bin\zip.dll
0x00007ffa43480000 - 0x00007ffa43bc2000 	C:\WINDOWS\System32\SHELL32.dll
0x00007ffa3f4b0000 - 0x00007ffa3fc45000 	C:\WINDOWS\SYSTEM32\windows.storage.dll
0x00007ffa421d0000 - 0x00007ffa42526000 	C:\WINDOWS\System32\combase.dll
0x00007ffa40ff0000 - 0x00007ffa4101c000 	C:\WINDOWS\SYSTEM32\Wldp.dll
0x00007ffa42730000 - 0x00007ffa427de000 	C:\WINDOWS\System32\SHCORE.dll
0x00007ffa433c0000 - 0x00007ffa43415000 	C:\WINDOWS\System32\shlwapi.dll
0x00007ffa41580000 - 0x00007ffa415a6000 	C:\WINDOWS\SYSTEM32\profapi.dll
0x00007ffa2bfd0000 - 0x00007ffa2bfea000 	G:\Program Files\Android\Android Studio\jre\jre\bin\net.dll
0x00007ffa40d70000 - 0x00007ffa40dda000 	C:\WINDOWS\system32\mswsock.dll
0x00007ffa2bdf0000 - 0x00007ffa2be03000 	G:\Program Files\Android\Android Studio\jre\jre\bin\nio.dll
0x00007ffa2be10000 - 0x00007ffa2be37000 	C:\Users\ADMIN\.gradle\native\f6784746aeab05261644944871eae4fe03e0ef1612fff0a4a95f87b438bc6780\windows-amd64\native-platform.dll
0x00007ffa33160000 - 0x00007ffa3316d000 	G:\Program Files\Android\Android Studio\jre\jre\bin\management.dll
0x00007ffa40f40000 - 0x00007ffa40f58000 	C:\WINDOWS\SYSTEM32\CRYPTSP.dll
0x00007ffa40700000 - 0x00007ffa40734000 	C:\WINDOWS\system32\rsaenh.dll
0x00007ffa41700000 - 0x00007ffa41727000 	C:\WINDOWS\System32\bcrypt.dll
0x00007ffa414d0000 - 0x00007ffa414fe000 	C:\WINDOWS\SYSTEM32\USERENV.dll
0x00007ffa41ce0000 - 0x00007ffa41d60000 	C:\WINDOWS\System32\bcryptprimitives.dll
0x00007ffa40f60000 - 0x00007ffa40f6c000 	C:\WINDOWS\SYSTEM32\CRYPTBASE.dll
0x00007ffa40a60000 - 0x00007ffa40a9b000 	C:\WINDOWS\SYSTEM32\IPHLPAPI.DLL
0x00007ffa42c70000 - 0x00007ffa42c78000 	C:\WINDOWS\System32\NSI.dll
0x00007ffa3b820000 - 0x00007ffa3b837000 	C:\WINDOWS\SYSTEM32\dhcpcsvc6.DLL
0x00007ffa3b800000 - 0x00007ffa3b81d000 	C:\WINDOWS\SYSTEM32\dhcpcsvc.DLL
0x00007ffa40aa0000 - 0x00007ffa40b6b000 	C:\WINDOWS\SYSTEM32\DNSAPI.dll
0x00007ffa3b840000 - 0x00007ffa3b84b000 	C:\WINDOWS\SYSTEM32\WINNSI.DLL

VM Arguments:
jvm_args: -Xmx2048m -Dfile.encoding=UTF-8 -Duser.country=RU -Duser.language=ru -Duser.variant 
java_command: org.gradle.launcher.daemon.bootstrap.GradleDaemon 6.5
java_class_path (initial): C:\Users\ADMIN\.gradle\wrapper\dists\gradle-6.5-bin\6nifqtx7604sqp1q6g8wikw7p\gradle-6.5\lib\gradle-launcher-6.5.jar
Launcher Type: SUN_STANDARD

Environment Variables:
PATH=C:\Program Files\Common Files\Oracle\Java\javapath;C:\WINDOWS\system32;C:\WINDOWS;C:\WINDOWS\System32\Wbem;C:\WINDOWS\System32\WindowsPowerShell\v1.0\;C:\WINDOWS\System32\OpenSSH\;c:\Program Files (x86)\ATI Technologies\ATI.ACE\Core-Static;C:\Program Files\MATLAB\R2016a\runtime\win64;C:\Program Files\MATLAB\R2016a\bin;C:\Program Files\MATLAB\R2016a\polyspace\bin;C:\Program Files (x86)\AMD\ATI.ACE\Core-Static;C:\Users\ADMIN\AppData\Local\Programs\Python\Python38-32\Scripts\;C:\Users\ADMIN\AppData\Local\Programs\Python\Python38-32\;C:\Users\ADMIN\AppData\Local\Microsoft\WindowsApps;C:\Program Files\JetBrains\PyCharm Community Edition 2019.3.2\bin;C:\Users\ADMIN\AppData\Local\GitHubDesktop\bin;C:\Users\ADMIN\AppData\Local\Microsoft\WindowsApps;;C:\Program Files\JetBrains\PyCharm Community Edition 2020.2\bin;;C:\Program Files\JetBrains\IntelliJ IDEA Community Edition 2020.2.3\bin;
USERNAME=ADMIN
OS=Windows_NT
PROCESSOR_IDENTIFIER=Intel64 Family 6 Model 58 Stepping 9, GenuineIntel



---------------  S Y S T E M  ---------------

OS: Windows 10.0 , 64 bit Build 19041 (10.0.19041.662)

CPU:total 4 (initial active 4) (2 cores per cpu, 2 threads per core) family 6 model 58 stepping 9, cmov, cx8, fxsr, mmx, sse, sse2, sse3, ssse3, sse4.1, sse4.2, popcnt, avx, aes, clmul, erms, ht, tsc, tscinvbit, tscinv

Memory: 4k page, physical 8270612k(326456k free), swap 10367764k(4156k free)

vm_info: OpenJDK 64-Bit Server VM (25.242-b01) for windows-amd64 JRE (1.8.0_242-release-1644-b01), built by "builder" with MS VC++ 10.0 (VS2010)

time: Wed Dec 16 16:46:17 2020
timezone: RTZ 2 (зима)
elapsed time: 29 seconds (0d 0h 0m 29s)

